<?xml version="1.0" encoding="UTF-8" ?>
<testsuite 
errors="0" failures="0" hostname="philipp-Inspiron-7580" name="org.scalatest.junit.JUnitWrapperSuite" tests="0" time="0.035" timestamp="2020-12-11T16:53:17">
  <properties>
    <property name="java.runtime.name" value="OpenJDK Runtime Environment"/>
    <property name="java.vm.version" value="11.0.9.1+1-Ubuntu-0ubuntu1.20.04"/>
    <property 
    name="sun.boot.library.path" value="/usr/lib/jvm/java-11-openjdk-amd64/lib">
</property>
    <property name="java.vm.vendor" value="Ubuntu"/>
    <property name="java.vendor.url" value="https://ubuntu.com/"/>
    <property name="path.separator" value=":"/>
    <property name="java.vm.name" value="OpenJDK 64-Bit Server VM"/>
    <property name="sun.os.patch.level" value="unknown"/>
    <property name="user.country" value="US"/>
    <property name="sun.java.launcher" value="SUN_STANDARD"/>
    <property 
    name="java.vm.specification.name" value="Java Virtual Machine Specification">
</property>
    <property 
    name="user.dir" value="/home/philipp/Programming/mavenProjects/sparkPracticalWork">
</property>
    <property name="java.vm.compressedOopsMode" value="32-bit"/>
    <property 
    name="java.runtime.version" value="11.0.9.1+1-Ubuntu-0ubuntu1.20.04">
</property>
    <property 
    name="java.awt.graphicsenv" value="sun.awt.X11GraphicsEnvironment">
</property>
    <property 
    name="basedir" value="/home/philipp/Programming/mavenProjects/sparkPracticalWork">
</property>
    <property name="os.arch" value="amd64"/>
    <property name="java.io.tmpdir" value="/tmp"/>
    <property name="line.separator" value=" "/>
    <property name="java.vm.specification.vendor" value="Oracle Corporation"/>
    <property name="os.name" value="Linux"/>
    <property name="sun.jnu.encoding" value="UTF-8"/>
    <property 
    name="java.library.path" value="/usr/java/packages/lib:/usr/lib/x86_64-linux-gnu/jni:/lib/x86_64-linux-gnu:/usr/lib/x86_64-linux-gnu:/usr/lib/jni:/lib:/usr/lib">
</property>
    <property name="jdk.debug" value="release"/>
    <property name="java.class.version" value="55.0"/>
    <property 
    name="java.specification.name" value="Java Platform API Specification">
</property>
    <property 
    name="sun.management.compiler" value="HotSpot 64-Bit Tiered Compilers">
</property>
    <property name="os.version" value="5.4.0-56-generic"/>
    <property name="user.home" value="/home/philipp"/>
    <property name="user.timezone" value=""/>
    <property name="java.awt.printerjob" value="sun.print.PSPrinterJob"/>
    <property name="file.encoding" value="UTF-8"/>
    <property name="java.specification.version" value="11"/>
    <property name="user.name" value="philipp"/>
    <property 
    name="java.class.path" value="/home/philipp/Programming/mavenProjects/sparkPracticalWork/target/test-classes:/home/philipp/Programming/mavenProjects/sparkPracticalWork/target/classes:/home/philipp/.m2/repository/org/scala-lang/scala-library/2.12.12/scala-library-2.12.12.jar:/home/philipp/.m2/repository/org/apache/spark/spark-core_2.12/3.0.1/spark-core_2.12-3.0.1.jar:/home/philipp/.m2/repository/com/thoughtworks/paranamer/paranamer/2.8/paranamer-2.8.jar:/home/philipp/.m2/repository/org/apache/avro/avro/1.8.2/avro-1.8.2.jar:/home/philipp/.m2/repository/org/codehaus/jackson/jackson-core-asl/1.9.13/jackson-core-asl-1.9.13.jar:/home/philipp/.m2/repository/org/codehaus/jackson/jackson-mapper-asl/1.9.13/jackson-mapper-asl-1.9.13.jar:/home/philipp/.m2/repository/org/apache/commons/commons-compress/1.8.1/commons-compress-1.8.1.jar:/home/philipp/.m2/repository/org/tukaani/xz/1.5/xz-1.5.jar:/home/philipp/.m2/repository/org/apache/avro/avro-mapred/1.8.2/avro-mapred-1.8.2-hadoop2.jar:/home/philipp/.m2/repository/org/apache/avro/avro-ipc/1.8.2/avro-ipc-1.8.2.jar:/home/philipp/.m2/repository/commons-codec/commons-codec/1.9/commons-codec-1.9.jar:/home/philipp/.m2/repository/com/twitter/chill_2.12/0.9.5/chill_2.12-0.9.5.jar:/home/philipp/.m2/repository/com/esotericsoftware/kryo-shaded/4.0.2/kryo-shaded-4.0.2.jar:/home/philipp/.m2/repository/com/esotericsoftware/minlog/1.3.0/minlog-1.3.0.jar:/home/philipp/.m2/repository/org/objenesis/objenesis/2.5.1/objenesis-2.5.1.jar:/home/philipp/.m2/repository/com/twitter/chill-java/0.9.5/chill-java-0.9.5.jar:/home/philipp/.m2/repository/org/apache/xbean/xbean-asm7-shaded/4.15/xbean-asm7-shaded-4.15.jar:/home/philipp/.m2/repository/org/apache/hadoop/hadoop-client/2.7.4/hadoop-client-2.7.4.jar:/home/philipp/.m2/repository/org/apache/hadoop/hadoop-common/2.7.4/hadoop-common-2.7.4.jar:/home/philipp/.m2/repository/commons-cli/commons-cli/1.2/commons-cli-1.2.jar:/home/philipp/.m2/repository/xmlenc/xmlenc/0.52/xmlenc-0.52.jar:/home/philipp/.m2/repository/commons-httpclient/commons-httpclient/3.1/commons-httpclient-3.1.jar:/home/philipp/.m2/repository/commons-io/commons-io/2.4/commons-io-2.4.jar:/home/philipp/.m2/repository/commons-collections/commons-collections/3.2.2/commons-collections-3.2.2.jar:/home/philipp/.m2/repository/org/mortbay/jetty/jetty-sslengine/6.1.26/jetty-sslengine-6.1.26.jar:/home/philipp/.m2/repository/javax/servlet/jsp/jsp-api/2.1/jsp-api-2.1.jar:/home/philipp/.m2/repository/commons-lang/commons-lang/2.6/commons-lang-2.6.jar:/home/philipp/.m2/repository/commons-configuration/commons-configuration/1.6/commons-configuration-1.6.jar:/home/philipp/.m2/repository/commons-digester/commons-digester/1.8/commons-digester-1.8.jar:/home/philipp/.m2/repository/commons-beanutils/commons-beanutils/1.7.0/commons-beanutils-1.7.0.jar:/home/philipp/.m2/repository/com/google/protobuf/protobuf-java/2.5.0/protobuf-java-2.5.0.jar:/home/philipp/.m2/repository/com/google/code/gson/gson/2.2.4/gson-2.2.4.jar:/home/philipp/.m2/repository/org/apache/hadoop/hadoop-auth/2.7.4/hadoop-auth-2.7.4.jar:/home/philipp/.m2/repository/org/apache/httpcomponents/httpclient/4.2.5/httpclient-4.2.5.jar:/home/philipp/.m2/repository/org/apache/httpcomponents/httpcore/4.2.4/httpcore-4.2.4.jar:/home/philipp/.m2/repository/org/apache/directory/server/apacheds-kerberos-codec/2.0.0-M15/apacheds-kerberos-codec-2.0.0-M15.jar:/home/philipp/.m2/repository/org/apache/directory/server/apacheds-i18n/2.0.0-M15/apacheds-i18n-2.0.0-M15.jar:/home/philipp/.m2/repository/org/apache/directory/api/api-asn1-api/1.0.0-M20/api-asn1-api-1.0.0-M20.jar:/home/philipp/.m2/repository/org/apache/directory/api/api-util/1.0.0-M20/api-util-1.0.0-M20.jar:/home/philipp/.m2/repository/org/apache/curator/curator-client/2.7.1/curator-client-2.7.1.jar:/home/philipp/.m2/repository/org/apache/htrace/htrace-core/3.1.0-incubating/htrace-core-3.1.0-incubating.jar:/home/philipp/.m2/repository/org/apache/hadoop/hadoop-hdfs/2.7.4/hadoop-hdfs-2.7.4.jar:/home/philipp/.m2/repository/org/mortbay/jetty/jetty-util/6.1.26/jetty-util-6.1.26.jar:/home/philipp/.m2/repository/xerces/xercesImpl/2.9.1/xercesImpl-2.9.1.jar:/home/philipp/.m2/repository/xml-apis/xml-apis/1.3.04/xml-apis-1.3.04.jar:/home/philipp/.m2/repository/org/apache/hadoop/hadoop-mapreduce-client-app/2.7.4/hadoop-mapreduce-client-app-2.7.4.jar:/home/philipp/.m2/repository/org/apache/hadoop/hadoop-mapreduce-client-common/2.7.4/hadoop-mapreduce-client-common-2.7.4.jar:/home/philipp/.m2/repository/org/apache/hadoop/hadoop-yarn-client/2.7.4/hadoop-yarn-client-2.7.4.jar:/home/philipp/.m2/repository/org/apache/hadoop/hadoop-yarn-server-common/2.7.4/hadoop-yarn-server-common-2.7.4.jar:/home/philipp/.m2/repository/org/apache/hadoop/hadoop-mapreduce-client-shuffle/2.7.4/hadoop-mapreduce-client-shuffle-2.7.4.jar:/home/philipp/.m2/repository/org/apache/hadoop/hadoop-yarn-api/2.7.4/hadoop-yarn-api-2.7.4.jar:/home/philipp/.m2/repository/org/apache/hadoop/hadoop-mapreduce-client-core/2.7.4/hadoop-mapreduce-client-core-2.7.4.jar:/home/philipp/.m2/repository/org/apache/hadoop/hadoop-yarn-common/2.7.4/hadoop-yarn-common-2.7.4.jar:/home/philipp/.m2/repository/javax/xml/bind/jaxb-api/2.2.2/jaxb-api-2.2.2.jar:/home/philipp/.m2/repository/javax/xml/stream/stax-api/1.0-2/stax-api-1.0-2.jar:/home/philipp/.m2/repository/org/codehaus/jackson/jackson-jaxrs/1.9.13/jackson-jaxrs-1.9.13.jar:/home/philipp/.m2/repository/org/codehaus/jackson/jackson-xc/1.9.13/jackson-xc-1.9.13.jar:/home/philipp/.m2/repository/org/apache/hadoop/hadoop-mapreduce-client-jobclient/2.7.4/hadoop-mapreduce-client-jobclient-2.7.4.jar:/home/philipp/.m2/repository/org/apache/hadoop/hadoop-annotations/2.7.4/hadoop-annotations-2.7.4.jar:/home/philipp/.m2/repository/org/apache/spark/spark-launcher_2.12/3.0.1/spark-launcher_2.12-3.0.1.jar:/home/philipp/.m2/repository/org/apache/spark/spark-kvstore_2.12/3.0.1/spark-kvstore_2.12-3.0.1.jar:/home/philipp/.m2/repository/org/fusesource/leveldbjni/leveldbjni-all/1.8/leveldbjni-all-1.8.jar:/home/philipp/.m2/repository/com/fasterxml/jackson/core/jackson-core/2.10.0/jackson-core-2.10.0.jar:/home/philipp/.m2/repository/com/fasterxml/jackson/core/jackson-annotations/2.10.0/jackson-annotations-2.10.0.jar:/home/philipp/.m2/repository/org/apache/spark/spark-network-common_2.12/3.0.1/spark-network-common_2.12-3.0.1.jar:/home/philipp/.m2/repository/org/apache/spark/spark-network-shuffle_2.12/3.0.1/spark-network-shuffle_2.12-3.0.1.jar:/home/philipp/.m2/repository/org/apache/spark/spark-unsafe_2.12/3.0.1/spark-unsafe_2.12-3.0.1.jar:/home/philipp/.m2/repository/javax/activation/activation/1.1.1/activation-1.1.1.jar:/home/philipp/.m2/repository/org/apache/curator/curator-recipes/2.7.1/curator-recipes-2.7.1.jar:/home/philipp/.m2/repository/org/apache/curator/curator-framework/2.7.1/curator-framework-2.7.1.jar:/home/philipp/.m2/repository/com/google/guava/guava/16.0.1/guava-16.0.1.jar:/home/philipp/.m2/repository/org/apache/zookeeper/zookeeper/3.4.14/zookeeper-3.4.14.jar:/home/philipp/.m2/repository/org/apache/yetus/audience-annotations/0.5.0/audience-annotations-0.5.0.jar:/home/philipp/.m2/repository/javax/servlet/javax.servlet-api/3.1.0/javax.servlet-api-3.1.0.jar:/home/philipp/.m2/repository/org/apache/commons/commons-lang3/3.9/commons-lang3-3.9.jar:/home/philipp/.m2/repository/org/apache/commons/commons-math3/3.4.1/commons-math3-3.4.1.jar:/home/philipp/.m2/repository/org/apache/commons/commons-text/1.6/commons-text-1.6.jar:/home/philipp/.m2/repository/com/google/code/findbugs/jsr305/3.0.0/jsr305-3.0.0.jar:/home/philipp/.m2/repository/org/slf4j/slf4j-api/1.7.30/slf4j-api-1.7.30.jar:/home/philipp/.m2/repository/org/slf4j/jul-to-slf4j/1.7.30/jul-to-slf4j-1.7.30.jar:/home/philipp/.m2/repository/org/slf4j/jcl-over-slf4j/1.7.30/jcl-over-slf4j-1.7.30.jar:/home/philipp/.m2/repository/log4j/log4j/1.2.17/log4j-1.2.17.jar:/home/philipp/.m2/repository/org/slf4j/slf4j-log4j12/1.7.30/slf4j-log4j12-1.7.30.jar:/home/philipp/.m2/repository/com/ning/compress-lzf/1.0.3/compress-lzf-1.0.3.jar:/home/philipp/.m2/repository/org/xerial/snappy/snappy-java/1.1.7.5/snappy-java-1.1.7.5.jar:/home/philipp/.m2/repository/org/lz4/lz4-java/1.7.1/lz4-java-1.7.1.jar:/home/philipp/.m2/repository/com/github/luben/zstd-jni/1.4.4-3/zstd-jni-1.4.4-3.jar:/home/philipp/.m2/repository/org/roaringbitmap/RoaringBitmap/0.7.45/RoaringBitmap-0.7.45.jar:/home/philipp/.m2/repository/org/roaringbitmap/shims/0.7.45/shims-0.7.45.jar:/home/philipp/.m2/repository/commons-net/commons-net/3.1/commons-net-3.1.jar:/home/philipp/.m2/repository/org/scala-lang/modules/scala-xml_2.12/1.2.0/scala-xml_2.12-1.2.0.jar:/home/philipp/.m2/repository/org/scala-lang/scala-reflect/2.12.10/scala-reflect-2.12.10.jar:/home/philipp/.m2/repository/org/json4s/json4s-jackson_2.12/3.6.6/json4s-jackson_2.12-3.6.6.jar:/home/philipp/.m2/repository/org/json4s/json4s-core_2.12/3.6.6/json4s-core_2.12-3.6.6.jar:/home/philipp/.m2/repository/org/json4s/json4s-ast_2.12/3.6.6/json4s-ast_2.12-3.6.6.jar:/home/philipp/.m2/repository/org/json4s/json4s-scalap_2.12/3.6.6/json4s-scalap_2.12-3.6.6.jar:/home/philipp/.m2/repository/org/glassfish/jersey/core/jersey-client/2.30/jersey-client-2.30.jar:/home/philipp/.m2/repository/jakarta/ws/rs/jakarta.ws.rs-api/2.1.6/jakarta.ws.rs-api-2.1.6.jar:/home/philipp/.m2/repository/org/glassfish/hk2/external/jakarta.inject/2.6.1/jakarta.inject-2.6.1.jar:/home/philipp/.m2/repository/org/glassfish/jersey/core/jersey-common/2.30/jersey-common-2.30.jar:/home/philipp/.m2/repository/jakarta/annotation/jakarta.annotation-api/1.3.5/jakarta.annotation-api-1.3.5.jar:/home/philipp/.m2/repository/org/glassfish/hk2/osgi-resource-locator/1.0.3/osgi-resource-locator-1.0.3.jar:/home/philipp/.m2/repository/org/glassfish/jersey/core/jersey-server/2.30/jersey-server-2.30.jar:/home/philipp/.m2/repository/org/glassfish/jersey/media/jersey-media-jaxb/2.30/jersey-media-jaxb-2.30.jar:/home/philipp/.m2/repository/jakarta/validation/jakarta.validation-api/2.0.2/jakarta.validation-api-2.0.2.jar:/home/philipp/.m2/repository/org/glassfish/jersey/containers/jersey-container-servlet/2.30/jersey-container-servlet-2.30.jar:/home/philipp/.m2/repository/org/glassfish/jersey/containers/jersey-container-servlet-core/2.30/jersey-container-servlet-core-2.30.jar:/home/philipp/.m2/repository/org/glassfish/jersey/inject/jersey-hk2/2.30/jersey-hk2-2.30.jar:/home/philipp/.m2/repository/org/glassfish/hk2/hk2-locator/2.6.1/hk2-locator-2.6.1.jar:/home/philipp/.m2/repository/org/glassfish/hk2/external/aopalliance-repackaged/2.6.1/aopalliance-repackaged-2.6.1.jar:/home/philipp/.m2/repository/org/glassfish/hk2/hk2-api/2.6.1/hk2-api-2.6.1.jar:/home/philipp/.m2/repository/org/glassfish/hk2/hk2-utils/2.6.1/hk2-utils-2.6.1.jar:/home/philipp/.m2/repository/org/javassist/javassist/3.25.0-GA/javassist-3.25.0-GA.jar:/home/philipp/.m2/repository/io/netty/netty-all/4.1.47.Final/netty-all-4.1.47.Final.jar:/home/philipp/.m2/repository/com/clearspring/analytics/stream/2.9.6/stream-2.9.6.jar:/home/philipp/.m2/repository/io/dropwizard/metrics/metrics-core/4.1.1/metrics-core-4.1.1.jar:/home/philipp/.m2/repository/io/dropwizard/metrics/metrics-jvm/4.1.1/metrics-jvm-4.1.1.jar:/home/philipp/.m2/repository/io/dropwizard/metrics/metrics-json/4.1.1/metrics-json-4.1.1.jar:/home/philipp/.m2/repository/io/dropwizard/metrics/metrics-graphite/4.1.1/metrics-graphite-4.1.1.jar:/home/philipp/.m2/repository/io/dropwizard/metrics/metrics-jmx/4.1.1/metrics-jmx-4.1.1.jar:/home/philipp/.m2/repository/com/fasterxml/jackson/core/jackson-databind/2.10.0/jackson-databind-2.10.0.jar:/home/philipp/.m2/repository/com/fasterxml/jackson/module/jackson-module-scala_2.12/2.10.0/jackson-module-scala_2.12-2.10.0.jar:/home/philipp/.m2/repository/com/fasterxml/jackson/module/jackson-module-paranamer/2.10.0/jackson-module-paranamer-2.10.0.jar:/home/philipp/.m2/repository/org/apache/ivy/ivy/2.4.0/ivy-2.4.0.jar:/home/philipp/.m2/repository/oro/oro/2.0.8/oro-2.0.8.jar:/home/philipp/.m2/repository/net/razorvine/pyrolite/4.30/pyrolite-4.30.jar:/home/philipp/.m2/repository/net/sf/py4j/py4j/0.10.9/py4j-0.10.9.jar:/home/philipp/.m2/repository/org/apache/spark/spark-tags_2.12/3.0.1/spark-tags_2.12-3.0.1.jar:/home/philipp/.m2/repository/org/apache/commons/commons-crypto/1.0.0/commons-crypto-1.0.0.jar:/home/philipp/.m2/repository/org/spark-project/spark/unused/1.0.0/unused-1.0.0.jar:/home/philipp/.m2/repository/junit/junit/4.12/junit-4.12.jar:/home/philipp/.m2/repository/org/hamcrest/hamcrest-core/1.3/hamcrest-core-1.3.jar:/home/philipp/.m2/repository/org/scalatest/scalatest_2.12/3.0.5/scalatest_2.12-3.0.5.jar:/home/philipp/.m2/repository/org/scalactic/scalactic_2.12/3.0.5/scalactic_2.12-3.0.5.jar:/home/philipp/.m2/repository/org/specs2/specs2-core_2.12/4.2.0/specs2-core_2.12-4.2.0.jar:/home/philipp/.m2/repository/org/specs2/specs2-matcher_2.12/4.2.0/specs2-matcher_2.12-4.2.0.jar:/home/philipp/.m2/repository/org/specs2/specs2-common_2.12/4.2.0/specs2-common_2.12-4.2.0.jar:/home/philipp/.m2/repository/org/specs2/specs2-fp_2.12/4.2.0/specs2-fp_2.12-4.2.0.jar:/home/philipp/.m2/repository/org/scala-lang/modules/scala-parser-combinators_2.12/1.1.0/scala-parser-combinators_2.12-1.1.0.jar:/home/philipp/.m2/repository/org/scala-sbt/test-interface/1.0/test-interface-1.0.jar:/home/philipp/.m2/repository/org/specs2/specs2-junit_2.12/4.2.0/specs2-junit_2.12-4.2.0.jar:/home/philipp/.m2/repository/org/apache/spark/spark-sql_2.10/2.1.0/spark-sql_2.10-2.1.0.jar:/home/philipp/.m2/repository/com/univocity/univocity-parsers/2.2.1/univocity-parsers-2.2.1.jar:/home/philipp/.m2/repository/org/apache/spark/spark-sketch_2.10/2.1.0/spark-sketch_2.10-2.1.0.jar:/home/philipp/.m2/repository/org/apache/spark/spark-core_2.10/2.1.0/spark-core_2.10-2.1.0.jar:/home/philipp/.m2/repository/com/twitter/chill_2.10/0.8.0/chill_2.10-0.8.0.jar:/home/philipp/.m2/repository/org/apache/xbean/xbean-asm5-shaded/4.4/xbean-asm5-shaded-4.4.jar:/home/philipp/.m2/repository/org/apache/spark/spark-launcher_2.10/2.1.0/spark-launcher_2.10-2.1.0.jar:/home/philipp/.m2/repository/org/apache/spark/spark-network-common_2.10/2.1.0/spark-network-common_2.10-2.1.0.jar:/home/philipp/.m2/repository/org/apache/spark/spark-network-shuffle_2.10/2.1.0/spark-network-shuffle_2.10-2.1.0.jar:/home/philipp/.m2/repository/org/apache/spark/spark-unsafe_2.10/2.1.0/spark-unsafe_2.10-2.1.0.jar:/home/philipp/.m2/repository/net/java/dev/jets3t/jets3t/0.7.1/jets3t-0.7.1.jar:/home/philipp/.m2/repository/net/jpountz/lz4/lz4/1.3.0/lz4-1.3.0.jar:/home/philipp/.m2/repository/org/json4s/json4s-jackson_2.10/3.2.11/json4s-jackson_2.10-3.2.11.jar:/home/philipp/.m2/repository/org/json4s/json4s-core_2.10/3.2.11/json4s-core_2.10-3.2.11.jar:/home/philipp/.m2/repository/org/json4s/json4s-ast_2.10/3.2.11/json4s-ast_2.10-3.2.11.jar:/home/philipp/.m2/repository/org/scala-lang/scalap/2.10.0/scalap-2.10.0.jar:/home/philipp/.m2/repository/org/scala-lang/scala-compiler/2.10.0/scala-compiler-2.10.0.jar:/home/philipp/.m2/repository/io/netty/netty/3.8.0.Final/netty-3.8.0.Final.jar:/home/philipp/.m2/repository/com/fasterxml/jackson/module/jackson-module-scala_2.10/2.6.5/jackson-module-scala_2.10-2.6.5.jar:/home/philipp/.m2/repository/org/apache/spark/spark-catalyst_2.10/2.1.0/spark-catalyst_2.10-2.1.0.jar:/home/philipp/.m2/repository/org/codehaus/janino/janino/3.0.0/janino-3.0.0.jar:/home/philipp/.m2/repository/org/codehaus/janino/commons-compiler/3.0.0/commons-compiler-3.0.0.jar:/home/philipp/.m2/repository/org/antlr/antlr4-runtime/4.5.3/antlr4-runtime-4.5.3.jar:/home/philipp/.m2/repository/org/apache/spark/spark-tags_2.10/2.1.0/spark-tags_2.10-2.1.0.jar:/home/philipp/.m2/repository/org/scalatest/scalatest_2.10/2.2.6/scalatest_2.10-2.2.6.jar:/home/philipp/.m2/repository/org/apache/parquet/parquet-column/1.8.1/parquet-column-1.8.1.jar:/home/philipp/.m2/repository/org/apache/parquet/parquet-common/1.8.1/parquet-common-1.8.1.jar:/home/philipp/.m2/repository/org/apache/parquet/parquet-encoding/1.8.1/parquet-encoding-1.8.1.jar:/home/philipp/.m2/repository/org/apache/parquet/parquet-hadoop/1.8.1/parquet-hadoop-1.8.1.jar:/home/philipp/.m2/repository/org/apache/parquet/parquet-format/2.3.0-incubating/parquet-format-2.3.0-incubating.jar:/home/philipp/.m2/repository/org/apache/parquet/parquet-jackson/1.8.1/parquet-jackson-1.8.1.jar">
</property>
    <property name="java.vm.specification.version" value="11"/>
    <property name="sun.arch.data.model" value="64"/>
    <property 
    name="sun.java.command" value="org.scalatest.tools.Runner -R /home/philipp/Programming/mavenProjects/sparkPracticalWork/target/classes /home/philipp/Programming/mavenProjects/sparkPracticalWork/target/test-classes -j samples.AppTest -o -f /home/philipp/Programming/mavenProjects/sparkPracticalWork/target/surefire-reports/TestSuiteReport.txt -u /home/philipp/Programming/mavenProjects/sparkPracticalWork/target/surefire-reports/.">
</property>
    <property name="java.home" value="/usr/lib/jvm/java-11-openjdk-amd64"/>
    <property name="user.language" value="en"/>
    <property name="java.specification.vendor" value="Oracle Corporation"/>
    <property name="awt.toolkit" value="sun.awt.X11.XToolkit"/>
    <property name="java.vm.info" value="mixed mode, sharing"/>
    <property name="java.version" value="11.0.9.1"/>
    <property name="java.vendor" value="Ubuntu"/>
    <property name="file.separator" value="/"/>
    <property name="java.version.date" value="2020-11-04"/>
    <property 
    name="java.vendor.url.bug" value="https://bugs.launchpad.net/ubuntu/+source/openjdk-lts">
</property>
    <property name="sun.io.unicode.encoding" value="UnicodeLittle"/>
    <property name="sun.cpu.endian" value="little"/>
    <property name="sun.desktop" value="gnome"/>
    <property name="sun.cpu.isalist" value=""/>
  </properties>
  <system-out><![CDATA[]]></system-out>
  <system-err><![CDATA[]]></system-err>
</testsuite>
